Using pre-set license
Built from '2020.3/staging' branch; Version is '2020.3.10f1 (297d780c91bc) revision 2719096'; Using compiler version '192528614'; Build Type 'Release'
OS: 'Windows 10 Pro; OS build 19043.1110; Version 2009; 64bit' Language: 'tr' Physical Memory: 8044 MB
BatchMode: 1, IsHumanControllingUs: 0, StartBugReporterOnCrash: 0, Is64bit: 1, IsPro: 0

 COMMAND LINE ARGUMENTS:
C:\Program Files\Unity\Editor\Unity.exe
-adb2
-batchMode
-noUpm
-name
AssetImportWorker0
-projectPath
C:/Users/samet/Desktop/UnityÇalışmalar/UnityWorks/ngt-game
-logFile
Logs/AssetImportWorker0.log
-srvPort
57721
Successfully changed project path to: C:/Users/samet/Desktop/UnityÇalışmalar/UnityWorks/ngt-game
C:/Users/samet/Desktop/UnityÇalışmalar/UnityWorks/ngt-game
Using Asset Import Pipeline V2.
Refreshing native plugins compatible for Editor in 98.14 ms, found 3 plugins.
Preloading 0 native plugins for Editor in 0.00 ms.
Initialize engine version: 2020.3.10f1 (297d780c91bc)
[Subsystems] Discovering subsystems at path C:/Program Files/Unity/Editor/Data/Resources/UnitySubsystems
[Subsystems] Discovering subsystems at path C:/Users/samet/Desktop/UnityÇalışmalar/UnityWorks/ngt-game/Assets
GfxDevice: creating device client; threaded=0
Direct3D:
    Version:  Direct3D 11.0 [level 11.1]
    Renderer: NVIDIA GeForce GTX 1650 (ID=0x1f91)
    Vendor:   
    VRAM:     3962 MB
    Driver:   27.21.14.6109
Initialize mono
Mono path[0] = 'C:/Program Files/Unity/Editor/Data/Managed'
Mono path[1] = 'C:/Program Files/Unity/Editor/Data/MonoBleedingEdge/lib/mono/unityjit'
Mono config path = 'C:/Program Files/Unity/Editor/Data/MonoBleedingEdge/etc'
Using monoOptions --debugger-agent=transport=dt_socket,embedding=1,server=y,suspend=n,address=127.0.0.1:56724
Begin MonoManager ReloadAssembly
Registering precompiled unity dll's ...
Register platform support module: C:/Program Files/Unity/Editor/Data/PlaybackEngines/WindowsStandaloneSupport/UnityEditor.WindowsStandalone.Extensions.dll
Registered in 0.001405 seconds.
Native extension for WindowsStandalone target not found
Refreshing native plugins compatible for Editor in 90.77 ms, found 3 plugins.
Preloading 0 native plugins for Editor in 0.00 ms.
Mono: successfully reloaded assembly
- Completed reload, in  2.316 seconds
Platform modules already initialized, skipping
Registering precompiled user dll's ...
Registered in 0.006142 seconds.
Begin MonoManager ReloadAssembly
Symbol file LoadedFromMemory doesn't match image C:\Users\samet\Desktop\UnityÇalışmalar\UnityWorks\ngt-game\Library\PackageCache\com.unity.visualscripting@1.7.2\Editor\VisualScripting.Core\Dependencies\YamlDotNet\Unity.VisualScripting.YamlDotNet.dll
Symbol file LoadedFromMemory doesn't match image C:\Users\samet\Desktop\UnityÇalışmalar\UnityWorks\ngt-game\Library\PackageCache\com.unity.visualscripting@1.7.2\Editor\VisualScripting.Core\Dependencies\DotNetZip\Unity.VisualScripting.IonicZip.dll
Native extension for WindowsStandalone target not found
Refreshing native plugins compatible for Editor in 0.86 ms, found 3 plugins.
Preloading 0 native plugins for Editor in 0.00 ms.
Mono: successfully reloaded assembly
- Completed reload, in  1.509 seconds
Platform modules already initialized, skipping
========================================================================
Worker process is ready to serve import requests
Launched and connected shader compiler UnityShaderCompiler.exe after 0.06 seconds
Refreshing native plugins compatible for Editor in 0.78 ms, found 3 plugins.
Preloading 0 native plugins for Editor in 0.00 ms.
Unloading 2983 Unused Serialized files (Serialized files now loaded: 0)
System memory in use before: 107.3 MB.
System memory in use after: 107.5 MB.

Unloading 22 unused Assets to reduce memory usage. Loaded Objects now: 3413.
Total: 2.714600 ms (FindLiveObjects: 0.329800 ms CreateObjectMapping: 0.137400 ms MarkObjects: 2.132100 ms  DeleteObjects: 0.114500 ms)

========================================================================
Received Import Request.
  path: Assets/Samet/1.png
  artifactKey: Guid(9c4b8a98a8867634bb3ff2020933ab6d) Importer(815301076,1909f56bfc062723c751e8b465ee728b)
Start importing Assets/Samet/1.png using Guid(9c4b8a98a8867634bb3ff2020933ab6d) Importer(815301076,1909f56bfc062723c751e8b465ee728b)  -> (artifact id: '12e29f1dc1663099403ec86220981121') in 0.190763 seconds
  Import took 0.197644 seconds .

========================================================================
Received Import Request.
  Time since last request: 0.000627 seconds.
  path: Assets/Samet
  artifactKey: Guid(3ca9b56e200890c43be2495c46fe34d8) Importer(815301076,1909f56bfc062723c751e8b465ee728b)
Start importing Assets/Samet using Guid(3ca9b56e200890c43be2495c46fe34d8) Importer(815301076,1909f56bfc062723c751e8b465ee728b)  -> (artifact id: 'e3bfe6eb378ff6441530e457c50e1aaa') in 0.001794 seconds
  Import took 0.007424 seconds .

========================================================================
Received Import Request.
  Time since last request: 2.710259 seconds.
  path: Assets/Samet/rpgpp_lt_scene_1.0.unity
  artifactKey: Guid(d2809ab9b90eea7419d8d90d4c505d35) Importer(815301076,1909f56bfc062723c751e8b465ee728b)
Start importing Assets/Samet/rpgpp_lt_scene_1.0.unity using Guid(d2809ab9b90eea7419d8d90d4c505d35) Importer(815301076,1909f56bfc062723c751e8b465ee728b)  -> (artifact id: '1d7d274e6501ddcde55b6241d4b9eba7') in 0.002055 seconds
  Import took 0.006772 seconds .

========================================================================
Received Prepare
Registering precompiled user dll's ...
Registered in 0.007408 seconds.
Begin MonoManager ReloadAssembly
Symbol file LoadedFromMemory doesn't match image C:\Users\samet\Desktop\UnityÇalışmalar\UnityWorks\ngt-game\Library\PackageCache\com.unity.visualscripting@1.7.2\Editor\VisualScripting.Core\Dependencies\YamlDotNet\Unity.VisualScripting.YamlDotNet.dll
Symbol file LoadedFromMemory doesn't match image C:\Users\samet\Desktop\UnityÇalışmalar\UnityWorks\ngt-game\Library\PackageCache\com.unity.visualscripting@1.7.2\Editor\VisualScripting.Core\Dependencies\DotNetZip\Unity.VisualScripting.IonicZip.dll
Native extension for WindowsStandalone target not found
Refreshing native plugins compatible for Editor in 0.80 ms, found 3 plugins.
Preloading 0 native plugins for Editor in 0.00 ms.
Mono: successfully reloaded assembly
- Completed reload, in  1.601 seconds
Platform modules already initialized, skipping
Refreshing native plugins compatible for Editor in 0.92 ms, found 3 plugins.
Preloading 0 native plugins for Editor in 0.00 ms.
Unloading 2977 Unused Serialized files (Serialized files now loaded: 0)
System memory in use before: 110.1 MB.
System memory in use after: 110.3 MB.

Unloading 17 unused Assets to reduce memory usage. Loaded Objects now: 3422.
Total: 3.150900 ms (FindLiveObjects: 0.566400 ms CreateObjectMapping: 0.300600 ms MarkObjects: 2.247300 ms  DeleteObjects: 0.035200 ms)

========================================================================
Received Prepare
Registering precompiled user dll's ...
Registered in 0.004685 seconds.
Begin MonoManager ReloadAssembly
Symbol file LoadedFromMemory doesn't match image C:\Users\samet\Desktop\UnityÇalışmalar\UnityWorks\ngt-game\Library\PackageCache\com.unity.visualscripting@1.7.2\Editor\VisualScripting.Core\Dependencies\YamlDotNet\Unity.VisualScripting.YamlDotNet.dll
Symbol file LoadedFromMemory doesn't match image C:\Users\samet\Desktop\UnityÇalışmalar\UnityWorks\ngt-game\Library\PackageCache\com.unity.visualscripting@1.7.2\Editor\VisualScripting.Core\Dependencies\DotNetZip\Unity.VisualScripting.IonicZip.dll
Native extension for WindowsStandalone target not found
Refreshing native plugins compatible for Editor in 1.17 ms, found 3 plugins.
Preloading 0 native plugins for Editor in 0.00 ms.
Mono: successfully reloaded assembly
- Completed reload, in  1.440 seconds
Platform modules already initialized, skipping
Refreshing native plugins compatible for Editor in 0.78 ms, found 3 plugins.
Preloading 0 native plugins for Editor in 0.00 ms.
Unloading 2977 Unused Serialized files (Serialized files now loaded: 0)
System memory in use before: 110.2 MB.
System memory in use after: 110.4 MB.

Unloading 17 unused Assets to reduce memory usage. Loaded Objects now: 3425.
Total: 3.358700 ms (FindLiveObjects: 0.306000 ms CreateObjectMapping: 0.138300 ms MarkObjects: 2.880100 ms  DeleteObjects: 0.033100 ms)

========================================================================
Received Import Request.
  Time since last request: 61.221246 seconds.
  path: Assets/Samet/Scripts
  artifactKey: Guid(902e8ae9214c66c40b1921b6c00701b7) Importer(815301076,1909f56bfc062723c751e8b465ee728b)
Start importing Assets/Samet/Scripts using Guid(902e8ae9214c66c40b1921b6c00701b7) Importer(815301076,1909f56bfc062723c751e8b465ee728b)  -> (artifact id: 'b452e25bbf21bb76a3401480b8821afb') in 0.005922 seconds
  Import took 0.013069 seconds .

AssetImportWorkerClient::OnTransportError - code=2 error=End of file
