Using pre-set license
Built from '2020.3/staging' branch; Version is '2020.3.10f1 (297d780c91bc) revision 2719096'; Using compiler version '192528614'; Build Type 'Release'
OS: 'Windows 10 Pro; OS build 18363.1556; Version 1909; 64bit' Language: 'tr' Physical Memory: 32622 MB
BatchMode: 1, IsHumanControllingUs: 0, StartBugReporterOnCrash: 0, Is64bit: 1, IsPro: 0

 COMMAND LINE ARGUMENTS:
C:\Users\musta\Desktop\OyunProgramiEtkinligi\2020.3.10f1\Editor\Unity.exe
-adb2
-batchMode
-noUpm
-name
AssetImportWorker0
-projectPath
C:/Users/musta/Desktop/ngt-game-main
-logFile
Logs/AssetImportWorker0.log
-srvPort
60613
Successfully changed project path to: C:/Users/musta/Desktop/ngt-game-main
C:/Users/musta/Desktop/ngt-game-main
Using Asset Import Pipeline V2.
Refreshing native plugins compatible for Editor in 78.64 ms, found 3 plugins.
Preloading 0 native plugins for Editor in 0.00 ms.
Initialize engine version: 2020.3.10f1 (297d780c91bc)
[Subsystems] Discovering subsystems at path C:/Users/musta/Desktop/OyunProgramiEtkinligi/2020.3.10f1/Editor/Data/Resources/UnitySubsystems
[Subsystems] Discovering subsystems at path C:/Users/musta/Desktop/ngt-game-main/Assets
GfxDevice: creating device client; threaded=0
Direct3D:
    Version:  Direct3D 11.0 [level 11.1]
    Renderer: NVIDIA GeForce RTX 2060 (ID=0x1f11)
    Vendor:   
    VRAM:     5980 MB
    Driver:   27.21.14.6242
Initialize mono
Mono path[0] = 'C:/Users/musta/Desktop/OyunProgramiEtkinligi/2020.3.10f1/Editor/Data/Managed'
Mono path[1] = 'C:/Users/musta/Desktop/OyunProgramiEtkinligi/2020.3.10f1/Editor/Data/MonoBleedingEdge/lib/mono/unityjit'
Mono config path = 'C:/Users/musta/Desktop/OyunProgramiEtkinligi/2020.3.10f1/Editor/Data/MonoBleedingEdge/etc'
Using monoOptions --debugger-agent=transport=dt_socket,embedding=1,server=y,suspend=n,address=127.0.0.1:56856
Begin MonoManager ReloadAssembly
Registering precompiled unity dll's ...
Register platform support module: C:/Users/musta/Desktop/OyunProgramiEtkinligi/2020.3.10f1/Editor/Data/PlaybackEngines/WebGLSupport/UnityEditor.WebGL.Extensions.dll
Register platform support module: C:/Users/musta/Desktop/OyunProgramiEtkinligi/2020.3.10f1/Editor/Data/PlaybackEngines/WindowsStandaloneSupport/UnityEditor.WindowsStandalone.Extensions.dll
Registered in 0.002441 seconds.
Native extension for WindowsStandalone target not found
Native extension for WebGL target not found
Refreshing native plugins compatible for Editor in 85.96 ms, found 3 plugins.
Preloading 0 native plugins for Editor in 0.00 ms.
Mono: successfully reloaded assembly
- Completed reload, in  2.596 seconds
Platform modules already initialized, skipping
Registering precompiled user dll's ...
Registered in 0.006226 seconds.
Begin MonoManager ReloadAssembly
Symbol file LoadedFromMemory doesn't match image C:\Users\musta\Desktop\ngt-game-main\Library\PackageCache\com.unity.visualscripting@1.7.2\Editor\VisualScripting.Core\Dependencies\YamlDotNet\Unity.VisualScripting.YamlDotNet.dll
Symbol file LoadedFromMemory doesn't match image C:\Users\musta\Desktop\ngt-game-main\Library\PackageCache\com.unity.visualscripting@1.7.2\Editor\VisualScripting.Core\Dependencies\DotNetZip\Unity.VisualScripting.IonicZip.dll
Native extension for WindowsStandalone target not found
Native extension for WebGL target not found
Refreshing native plugins compatible for Editor in 0.64 ms, found 3 plugins.
Preloading 0 native plugins for Editor in 0.00 ms.
Mono: successfully reloaded assembly
- Completed reload, in  1.537 seconds
Platform modules already initialized, skipping
========================================================================
Worker process is ready to serve import requests
Launched and connected shader compiler UnityShaderCompiler.exe after 0.05 seconds
Refreshing native plugins compatible for Editor in 0.57 ms, found 3 plugins.
Preloading 0 native plugins for Editor in 0.00 ms.
Unloading 2982 Unused Serialized files (Serialized files now loaded: 0)
System memory in use before: 107.3 MB.
System memory in use after: 107.5 MB.

Unloading 22 unused Assets to reduce memory usage. Loaded Objects now: 3413.
Total: 2.267700 ms (FindLiveObjects: 0.249000 ms CreateObjectMapping: 0.139700 ms MarkObjects: 1.815900 ms  DeleteObjects: 0.062300 ms)

========================================================================
Received Import Request.
  path: Assets/mustafa.unity
  artifactKey: Guid(bd6a32fed0c853b48b652ccde3a74a83) Importer(815301076,1909f56bfc062723c751e8b465ee728b)
Start importing Assets/mustafa.unity using Guid(bd6a32fed0c853b48b652ccde3a74a83) Importer(815301076,1909f56bfc062723c751e8b465ee728b)  -> (artifact id: 'eaf8f222e9bb01eeab340b867c5d9128') in 0.018016 seconds
  Import took 0.023701 seconds .

========================================================================
Received Prepare
Registering precompiled user dll's ...
Registered in 0.006074 seconds.
Begin MonoManager ReloadAssembly
Symbol file LoadedFromMemory doesn't match image C:\Users\musta\Desktop\ngt-game-main\Library\PackageCache\com.unity.visualscripting@1.7.2\Editor\VisualScripting.Core\Dependencies\YamlDotNet\Unity.VisualScripting.YamlDotNet.dll
Symbol file LoadedFromMemory doesn't match image C:\Users\musta\Desktop\ngt-game-main\Library\PackageCache\com.unity.visualscripting@1.7.2\Editor\VisualScripting.Core\Dependencies\DotNetZip\Unity.VisualScripting.IonicZip.dll
Native extension for WindowsStandalone target not found
Native extension for WebGL target not found
Refreshing native plugins compatible for Editor in 0.62 ms, found 3 plugins.
Preloading 0 native plugins for Editor in 0.00 ms.
Mono: successfully reloaded assembly
- Completed reload, in  1.219 seconds
Platform modules already initialized, skipping
Refreshing native plugins compatible for Editor in 0.62 ms, found 3 plugins.
Preloading 0 native plugins for Editor in 0.00 ms.
Unloading 2976 Unused Serialized files (Serialized files now loaded: 0)
System memory in use before: 107.2 MB.
System memory in use after: 107.4 MB.

Unloading 17 unused Assets to reduce memory usage. Loaded Objects now: 3416.
Total: 2.575500 ms (FindLiveObjects: 0.336400 ms CreateObjectMapping: 0.133100 ms MarkObjects: 2.078500 ms  DeleteObjects: 0.026500 ms)

========================================================================
Received Import Request.
  Time since last request: 340.011628 seconds.
  path: Assets/Scripts/GeciciHareket.cs
  artifactKey: Guid(0d7b1ba3231c4284cba8454706f7ad54) Importer(815301076,1909f56bfc062723c751e8b465ee728b)
Start importing Assets/Scripts/GeciciHareket.cs using Guid(0d7b1ba3231c4284cba8454706f7ad54) Importer(815301076,1909f56bfc062723c751e8b465ee728b)  -> (artifact id: 'acdbc962442f23e997d30cebffa28640') in 0.047173 seconds
  Import took 0.051948 seconds .

========================================================================
Received Prepare
Registering precompiled user dll's ...
Registered in 0.006206 seconds.
Begin MonoManager ReloadAssembly
Symbol file LoadedFromMemory doesn't match image C:\Users\musta\Desktop\ngt-game-main\Library\PackageCache\com.unity.visualscripting@1.7.2\Editor\VisualScripting.Core\Dependencies\YamlDotNet\Unity.VisualScripting.YamlDotNet.dll
Symbol file LoadedFromMemory doesn't match image C:\Users\musta\Desktop\ngt-game-main\Library\PackageCache\com.unity.visualscripting@1.7.2\Editor\VisualScripting.Core\Dependencies\DotNetZip\Unity.VisualScripting.IonicZip.dll
Native extension for WindowsStandalone target not found
Native extension for WebGL target not found
Refreshing native plugins compatible for Editor in 0.87 ms, found 3 plugins.
Preloading 0 native plugins for Editor in 0.00 ms.
Mono: successfully reloaded assembly
- Completed reload, in  1.190 seconds
Platform modules already initialized, skipping
Refreshing native plugins compatible for Editor in 0.58 ms, found 3 plugins.
Preloading 0 native plugins for Editor in 0.00 ms.
Unloading 2976 Unused Serialized files (Serialized files now loaded: 0)
System memory in use before: 107.3 MB.
System memory in use after: 107.5 MB.

Unloading 17 unused Assets to reduce memory usage. Loaded Objects now: 3419.
Total: 2.414900 ms (FindLiveObjects: 0.244800 ms CreateObjectMapping: 0.129800 ms MarkObjects: 2.019200 ms  DeleteObjects: 0.020000 ms)

========================================================================
Received Import Request.
  Time since last request: 207.420601 seconds.
  path: Assets/Scripts/GeciciHareket.cs
  artifactKey: Guid(0d7b1ba3231c4284cba8454706f7ad54) Importer(815301076,1909f56bfc062723c751e8b465ee728b)
Start importing Assets/Scripts/GeciciHareket.cs using Guid(0d7b1ba3231c4284cba8454706f7ad54) Importer(815301076,1909f56bfc062723c751e8b465ee728b)  -> (artifact id: '775fc7b78a73982e14d08494fcac2692') in 0.005475 seconds
  Import took 0.010565 seconds .

========================================================================
Received Import Request.
  Time since last request: 1.749427 seconds.
  path: Assets/Scripts/GeciciHareket.cs
  artifactKey: Guid(0d7b1ba3231c4284cba8454706f7ad54) Importer(815301076,1909f56bfc062723c751e8b465ee728b)
Start importing Assets/Scripts/GeciciHareket.cs using Guid(0d7b1ba3231c4284cba8454706f7ad54) Importer(815301076,1909f56bfc062723c751e8b465ee728b)  -> (artifact id: '775fc7b78a73982e14d08494fcac2692') in 0.002651 seconds
  Import took 0.008049 seconds .

========================================================================
Received Prepare
Registering precompiled user dll's ...
Registered in 0.005903 seconds.
Begin MonoManager ReloadAssembly
Symbol file LoadedFromMemory doesn't match image C:\Users\musta\Desktop\ngt-game-main\Library\PackageCache\com.unity.visualscripting@1.7.2\Editor\VisualScripting.Core\Dependencies\YamlDotNet\Unity.VisualScripting.YamlDotNet.dll
Symbol file LoadedFromMemory doesn't match image C:\Users\musta\Desktop\ngt-game-main\Library\PackageCache\com.unity.visualscripting@1.7.2\Editor\VisualScripting.Core\Dependencies\DotNetZip\Unity.VisualScripting.IonicZip.dll
Native extension for WindowsStandalone target not found
Native extension for WebGL target not found
Refreshing native plugins compatible for Editor in 0.60 ms, found 3 plugins.
Preloading 0 native plugins for Editor in 0.00 ms.
Mono: successfully reloaded assembly
- Completed reload, in  1.218 seconds
Platform modules already initialized, skipping
Refreshing native plugins compatible for Editor in 0.57 ms, found 3 plugins.
Preloading 0 native plugins for Editor in 0.00 ms.
Unloading 2976 Unused Serialized files (Serialized files now loaded: 0)
System memory in use before: 107.3 MB.
System memory in use after: 107.5 MB.

Unloading 17 unused Assets to reduce memory usage. Loaded Objects now: 3422.
Total: 3.067900 ms (FindLiveObjects: 0.442100 ms CreateObjectMapping: 0.176500 ms MarkObjects: 2.428100 ms  DeleteObjects: 0.020000 ms)

========================================================================
Received Import Request.
  Time since last request: 116.602973 seconds.
  path: Assets/Scripts/GeciciHareket.cs
  artifactKey: Guid(0d7b1ba3231c4284cba8454706f7ad54) Importer(815301076,1909f56bfc062723c751e8b465ee728b)
Start importing Assets/Scripts/GeciciHareket.cs using Guid(0d7b1ba3231c4284cba8454706f7ad54) Importer(815301076,1909f56bfc062723c751e8b465ee728b)  -> (artifact id: '188f489fa383db16930986c90194e17d') in 0.005425 seconds
  Import took 0.017685 seconds .

========================================================================
Received Prepare
Registering precompiled user dll's ...
Registered in 0.006750 seconds.
Begin MonoManager ReloadAssembly
Symbol file LoadedFromMemory doesn't match image C:\Users\musta\Desktop\ngt-game-main\Library\PackageCache\com.unity.visualscripting@1.7.2\Editor\VisualScripting.Core\Dependencies\YamlDotNet\Unity.VisualScripting.YamlDotNet.dll
Symbol file LoadedFromMemory doesn't match image C:\Users\musta\Desktop\ngt-game-main\Library\PackageCache\com.unity.visualscripting@1.7.2\Editor\VisualScripting.Core\Dependencies\DotNetZip\Unity.VisualScripting.IonicZip.dll
Native extension for WindowsStandalone target not found
Native extension for WebGL target not found
Refreshing native plugins compatible for Editor in 0.84 ms, found 3 plugins.
Preloading 0 native plugins for Editor in 0.00 ms.
Mono: successfully reloaded assembly
- Completed reload, in  1.182 seconds
Platform modules already initialized, skipping
Refreshing native plugins compatible for Editor in 0.57 ms, found 3 plugins.
Preloading 0 native plugins for Editor in 0.00 ms.
Unloading 2976 Unused Serialized files (Serialized files now loaded: 0)
System memory in use before: 107.3 MB.
System memory in use after: 107.6 MB.

Unloading 17 unused Assets to reduce memory usage. Loaded Objects now: 3425.
Total: 2.232500 ms (FindLiveObjects: 0.276500 ms CreateObjectMapping: 0.121900 ms MarkObjects: 1.815300 ms  DeleteObjects: 0.017800 ms)

========================================================================
Received Import Request.
  Time since last request: 98.154038 seconds.
  path: Assets/Scripts/GeciciHareket.cs
  artifactKey: Guid(0d7b1ba3231c4284cba8454706f7ad54) Importer(815301076,1909f56bfc062723c751e8b465ee728b)
Start importing Assets/Scripts/GeciciHareket.cs using Guid(0d7b1ba3231c4284cba8454706f7ad54) Importer(815301076,1909f56bfc062723c751e8b465ee728b)  -> (artifact id: 'd714668bdd16bd1c49b97cc3a0e36494') in 0.005433 seconds
  Import took 0.009679 seconds .

========================================================================
Received Prepare
Registering precompiled user dll's ...
Registered in 0.008608 seconds.
Begin MonoManager ReloadAssembly
Symbol file LoadedFromMemory doesn't match image C:\Users\musta\Desktop\ngt-game-main\Library\PackageCache\com.unity.visualscripting@1.7.2\Editor\VisualScripting.Core\Dependencies\YamlDotNet\Unity.VisualScripting.YamlDotNet.dll
Symbol file LoadedFromMemory doesn't match image C:\Users\musta\Desktop\ngt-game-main\Library\PackageCache\com.unity.visualscripting@1.7.2\Editor\VisualScripting.Core\Dependencies\DotNetZip\Unity.VisualScripting.IonicZip.dll
Native extension for WindowsStandalone target not found
Native extension for WebGL target not found
Refreshing native plugins compatible for Editor in 1.24 ms, found 3 plugins.
Preloading 0 native plugins for Editor in 0.00 ms.
Mono: successfully reloaded assembly
- Completed reload, in  1.464 seconds
Platform modules already initialized, skipping
Refreshing native plugins compatible for Editor in 0.60 ms, found 3 plugins.
Preloading 0 native plugins for Editor in 0.00 ms.
Unloading 2976 Unused Serialized files (Serialized files now loaded: 0)
System memory in use before: 107.3 MB.
System memory in use after: 107.6 MB.

Unloading 17 unused Assets to reduce memory usage. Loaded Objects now: 3428.
Total: 2.925500 ms (FindLiveObjects: 0.373700 ms CreateObjectMapping: 0.194300 ms MarkObjects: 2.333600 ms  DeleteObjects: 0.022500 ms)

========================================================================
Received Prepare
Registering precompiled user dll's ...
Registered in 0.006076 seconds.
Begin MonoManager ReloadAssembly
Symbol file LoadedFromMemory doesn't match image C:\Users\musta\Desktop\ngt-game-main\Library\PackageCache\com.unity.visualscripting@1.7.2\Editor\VisualScripting.Core\Dependencies\YamlDotNet\Unity.VisualScripting.YamlDotNet.dll
Symbol file LoadedFromMemory doesn't match image C:\Users\musta\Desktop\ngt-game-main\Library\PackageCache\com.unity.visualscripting@1.7.2\Editor\VisualScripting.Core\Dependencies\DotNetZip\Unity.VisualScripting.IonicZip.dll
Native extension for WindowsStandalone target not found
Native extension for WebGL target not found
Refreshing native plugins compatible for Editor in 0.67 ms, found 3 plugins.
Preloading 0 native plugins for Editor in 0.00 ms.
Mono: successfully reloaded assembly
- Completed reload, in  1.284 seconds
Platform modules already initialized, skipping
Refreshing native plugins compatible for Editor in 0.58 ms, found 3 plugins.
Preloading 0 native plugins for Editor in 0.00 ms.
Unloading 2976 Unused Serialized files (Serialized files now loaded: 0)
System memory in use before: 107.3 MB.
System memory in use after: 107.6 MB.

Unloading 17 unused Assets to reduce memory usage. Loaded Objects now: 3431.
Total: 2.303400 ms (FindLiveObjects: 0.274000 ms CreateObjectMapping: 0.139100 ms MarkObjects: 1.872000 ms  DeleteObjects: 0.017000 ms)

========================================================================
Received Import Request.
  Time since last request: 113.864447 seconds.
  path: Assets/Scripts/GeciciHareket.cs
  artifactKey: Guid(0d7b1ba3231c4284cba8454706f7ad54) Importer(815301076,1909f56bfc062723c751e8b465ee728b)
Start importing Assets/Scripts/GeciciHareket.cs using Guid(0d7b1ba3231c4284cba8454706f7ad54) Importer(815301076,1909f56bfc062723c751e8b465ee728b)  -> (artifact id: '0fdc898d023792e36131ac85d167f175') in 0.005712 seconds
  Import took 0.009787 seconds .

========================================================================
Received Prepare
Registering precompiled user dll's ...
Registered in 0.006282 seconds.
Begin MonoManager ReloadAssembly
Symbol file LoadedFromMemory doesn't match image C:\Users\musta\Desktop\ngt-game-main\Library\PackageCache\com.unity.visualscripting@1.7.2\Editor\VisualScripting.Core\Dependencies\YamlDotNet\Unity.VisualScripting.YamlDotNet.dll
Symbol file LoadedFromMemory doesn't match image C:\Users\musta\Desktop\ngt-game-main\Library\PackageCache\com.unity.visualscripting@1.7.2\Editor\VisualScripting.Core\Dependencies\DotNetZip\Unity.VisualScripting.IonicZip.dll
Native extension for WindowsStandalone target not found
Native extension for WebGL target not found
Refreshing native plugins compatible for Editor in 0.62 ms, found 3 plugins.
Preloading 0 native plugins for Editor in 0.00 ms.
Mono: successfully reloaded assembly
- Completed reload, in  1.243 seconds
Platform modules already initialized, skipping
Refreshing native plugins compatible for Editor in 0.73 ms, found 3 plugins.
Preloading 0 native plugins for Editor in 0.00 ms.
Unloading 2976 Unused Serialized files (Serialized files now loaded: 0)
System memory in use before: 107.4 MB.
System memory in use after: 107.6 MB.

Unloading 17 unused Assets to reduce memory usage. Loaded Objects now: 3434.
Total: 2.164200 ms (FindLiveObjects: 0.255000 ms CreateObjectMapping: 0.149800 ms MarkObjects: 1.741500 ms  DeleteObjects: 0.017000 ms)

========================================================================
Received Import Request.
  Time since last request: 243.614308 seconds.
  path: Assets/Scripts/GeciciHareket.cs
  artifactKey: Guid(0d7b1ba3231c4284cba8454706f7ad54) Importer(815301076,1909f56bfc062723c751e8b465ee728b)
Start importing Assets/Scripts/GeciciHareket.cs using Guid(0d7b1ba3231c4284cba8454706f7ad54) Importer(815301076,1909f56bfc062723c751e8b465ee728b)  -> (artifact id: '61c83b9413743252fffc2e646c2bb9c8') in 0.005182 seconds
  Import took 0.009227 seconds .

========================================================================
Received Prepare
Registering precompiled user dll's ...
Registered in 0.007109 seconds.
Begin MonoManager ReloadAssembly
Symbol file LoadedFromMemory doesn't match image C:\Users\musta\Desktop\ngt-game-main\Library\PackageCache\com.unity.visualscripting@1.7.2\Editor\VisualScripting.Core\Dependencies\YamlDotNet\Unity.VisualScripting.YamlDotNet.dll
Symbol file LoadedFromMemory doesn't match image C:\Users\musta\Desktop\ngt-game-main\Library\PackageCache\com.unity.visualscripting@1.7.2\Editor\VisualScripting.Core\Dependencies\DotNetZip\Unity.VisualScripting.IonicZip.dll
Native extension for WindowsStandalone target not found
Native extension for WebGL target not found
Refreshing native plugins compatible for Editor in 0.78 ms, found 3 plugins.
Preloading 0 native plugins for Editor in 0.00 ms.
Mono: successfully reloaded assembly
- Completed reload, in  1.280 seconds
Platform modules already initialized, skipping
Refreshing native plugins compatible for Editor in 0.63 ms, found 3 plugins.
Preloading 0 native plugins for Editor in 0.00 ms.
Unloading 2976 Unused Serialized files (Serialized files now loaded: 0)
System memory in use before: 107.4 MB.
System memory in use after: 107.6 MB.

Unloading 17 unused Assets to reduce memory usage. Loaded Objects now: 3437.
Total: 2.980500 ms (FindLiveObjects: 0.654200 ms CreateObjectMapping: 0.192300 ms MarkObjects: 2.115000 ms  DeleteObjects: 0.018000 ms)

========================================================================
Received Import Request.
  Time since last request: 22.909566 seconds.
  path: Assets/Scripts/GeciciHareket.cs
  artifactKey: Guid(0d7b1ba3231c4284cba8454706f7ad54) Importer(815301076,1909f56bfc062723c751e8b465ee728b)
Start importing Assets/Scripts/GeciciHareket.cs using Guid(0d7b1ba3231c4284cba8454706f7ad54) Importer(815301076,1909f56bfc062723c751e8b465ee728b)  -> (artifact id: '025c5ace7fc26058dc17c965683b371d') in 0.006697 seconds
  Import took 0.012105 seconds .

========================================================================
Received Prepare
Registering precompiled user dll's ...
Registered in 0.006381 seconds.
Begin MonoManager ReloadAssembly
Symbol file LoadedFromMemory doesn't match image C:\Users\musta\Desktop\ngt-game-main\Library\PackageCache\com.unity.visualscripting@1.7.2\Editor\VisualScripting.Core\Dependencies\YamlDotNet\Unity.VisualScripting.YamlDotNet.dll
Symbol file LoadedFromMemory doesn't match image C:\Users\musta\Desktop\ngt-game-main\Library\PackageCache\com.unity.visualscripting@1.7.2\Editor\VisualScripting.Core\Dependencies\DotNetZip\Unity.VisualScripting.IonicZip.dll
Native extension for WindowsStandalone target not found
Native extension for WebGL target not found
Refreshing native plugins compatible for Editor in 1.04 ms, found 3 plugins.
Preloading 0 native plugins for Editor in 0.00 ms.
Mono: successfully reloaded assembly
- Completed reload, in  1.189 seconds
Platform modules already initialized, skipping
Refreshing native plugins compatible for Editor in 0.59 ms, found 3 plugins.
Preloading 0 native plugins for Editor in 0.00 ms.
Unloading 2976 Unused Serialized files (Serialized files now loaded: 0)
System memory in use before: 107.4 MB.
System memory in use after: 107.6 MB.

Unloading 17 unused Assets to reduce memory usage. Loaded Objects now: 3440.
Total: 2.538500 ms (FindLiveObjects: 0.283500 ms CreateObjectMapping: 0.127400 ms MarkObjects: 2.106700 ms  DeleteObjects: 0.020100 ms)

========================================================================
Received Import Request.
  Time since last request: 137.371804 seconds.
  path: Assets/Scripts/GeciciHareket.cs
  artifactKey: Guid(0d7b1ba3231c4284cba8454706f7ad54) Importer(815301076,1909f56bfc062723c751e8b465ee728b)
Start importing Assets/Scripts/GeciciHareket.cs using Guid(0d7b1ba3231c4284cba8454706f7ad54) Importer(815301076,1909f56bfc062723c751e8b465ee728b)  -> (artifact id: 'e1c4d3a3bc799b0b6e26d8defe53ee02') in 0.009350 seconds
  Import took 0.015690 seconds .

